2025-07-04 07:47:24,827 [INFO] Starting subgraph extraction pipeline
2025-07-04 07:47:24,828 [INFO] Arguments: {'ogb_root': './data/ogb/', 'output_dir': './comparison_1k_db', 'k': 2, 'tau': 2, 'num_workers': 6, 'batch_size': 150, 'max_triples': 1000, 'max_eval_triples': 100, 'use_full_dataset': False, 'num_negatives': 50, 'undirected': False, 'rel_degree_dense': True, 'max_nodes_per_graph': 1000}
2025-07-04 07:47:24,828 [INFO] Loading OGB-BioKG dataset...
2025-07-04 07:48:27,336 [INFO] Building full graph...
2025-07-04 07:48:29,035 [INFO] Creating CSR graph...
2025-07-04 07:48:29,493 [INFO] Computing relation degrees (sparse)...
2025-07-04 07:48:29,793 [INFO] Processing training triples...
2025-07-04 07:48:29,867 [INFO] Limited training triples to 1000
2025-07-04 07:48:37,050 [INFO] Writer received sentinel, exiting.
2025-07-04 07:48:37,055 [INFO] Writer process finished for ./comparison_1k_db/train.lmdb. Wrote 1000 items.
2025-07-04 07:48:37,113 [INFO] Extracted 1000 training subgraphs.
2025-07-04 07:48:37,113 [INFO] Processing valid split...
2025-07-04 07:48:37,118 [INFO] Limited valid triples to 100
2025-07-04 07:48:49,708 [INFO] Writer received sentinel, exiting.
2025-07-04 07:48:49,714 [INFO] Writer process finished for ./comparison_1k_db/valid.lmdb. Wrote 5100 items.
2025-07-04 07:48:49,774 [INFO] Extracted 5100 subgraphs for valid
2025-07-04 07:48:49,774 [INFO] Processing test split...
2025-07-04 07:48:49,778 [INFO] Limited test triples to 100
2025-07-04 07:49:01,694 [INFO] Writer received sentinel, exiting.
2025-07-04 07:49:01,701 [INFO] Writer process finished for ./comparison_1k_db/test.lmdb. Wrote 5100 items.
2025-07-04 07:49:01,759 [INFO] Extracted 5100 subgraphs for test
2025-07-04 07:49:01,760 [INFO] Pipeline finished successfully!
